#
# There is insufficient memory for the Java Runtime Environment to continue.
# Native memory allocation (malloc) failed to allocate 1048576 bytes for AllocateHeap
# Possible reasons:
#   The system is out of physical RAM or swap space
#   In 32 bit mode, the process size limit was hit
# Possible solutions:
#   Reduce memory load on the system
#   Increase physical memory or swap space
#   Check if swap backing store is full
#   Use 64 bit Java on a 64 bit OS
#   Decrease Java heap size (-Xmx/-Xms)
#   Decrease number of Java threads
#   Decrease Java thread stack sizes (-Xss)
#   Set larger code cache with -XX:ReservedCodeCacheSize=
# This output file may be truncated or incomplete.
#
#  Out of Memory Error (memory/allocation.inline.hpp:61), pid=17880, tid=0x0000000000004454
#
# JRE version:  (8.0_131-b11) (build )
# Java VM: Java HotSpot(TM) 64-Bit Server VM (25.131-b11 mixed mode windows-amd64 compressed oops)
# Failed to write core dump. Minidumps are not enabled by default on client versions of Windows
#

---------------  T H R E A D  ---------------

Current thread (0x0000000004ab3800):  JavaThread "Unknown thread" [_thread_in_vm, id=17492, stack(0x0000000002f40000,0x0000000003040000)]

Stack: [0x0000000002f40000,0x0000000003040000]
[error occurred during error reporting (printing stack bounds), id 0xc0000005]

Native frames: (J=compiled Java code, j=interpreted, Vv=VM code, C=native code)


---------------  P R O C E S S  ---------------

Java Threads: ( => current thread )

Other Threads:

=>0x0000000004ab3800 (exited) JavaThread "Unknown thread" [_thread_in_vm, id=17492, stack(0x0000000002f40000,0x0000000003040000)]

VM state:not at safepoint (normal execution)

VM Mutex/Monitor currently owned by a thread: None

Heap:
 PSYoungGen      total 38400K, used 665K [0x00000000d5d80000, 0x00000000d8800000, 0x0000000100000000)
  eden space 33280K, 2% used [0x00000000d5d80000,0x00000000d5e26670,0x00000000d7e00000)
  from space 5120K, 0% used [0x00000000d8300000,0x00000000d8300000,0x00000000d8800000)
  to   space 5120K, 0% used [0x00000000d7e00000,0x00000000d7e00000,0x00000000d8300000)
 ParOldGen       total 87552K, used 0K [0x0000000081800000, 0x0000000086d80000, 0x00000000d5d80000)
  object space 87552K, 0% used [0x0000000081800000,0x0000000081800000,0x0000000086d80000)
 Metaspace       used 770K, capacity 4480K, committed 4480K, reserved 1056768K
  class space    used 75K, capacity 384K, committed 384K, reserved 1048576K

Card table byte_map: [0x0000000013f70000,0x0000000014370000] byte_map_base: 0x0000000013b64000

Marking Bits: (ParMarkBitMap*) 0x000000005aa8c720
 Begin Bits: [0x0000000014a20000, 0x00000000169c0000)
 End Bits:   [0x00000000169c0000, 0x0000000018960000)

Polling page: 0x0000000003050000

CodeCache: size=245760Kb used=328Kb max_used=328Kb free=245431Kb
 bounds [0x0000000004bb0000, 0x0000000004e20000, 0x0000000013bb0000]
 total_blobs=58 nmethods=0 adapters=38
 compilation: enabled

Compilation events (0 events):
No events

GC Heap History (0 events):
No events

Deoptimization events (0 events):
No events

Internal exceptions (0 events):
No events

Events (10 events):
Event: 0.040 loading class java/lang/Short
Event: 0.041 loading class java/lang/Short done
Event: 0.041 loading class java/lang/Integer
Event: 0.041 loading class java/lang/Integer done
Event: 0.041 loading class java/lang/Long
Event: 0.041 loading class java/lang/Long done
Event: 0.042 loading class java/lang/NullPointerException
Event: 0.042 loading class java/lang/NullPointerException done
Event: 0.042 loading class java/lang/ArithmeticException
Event: 0.042 loading class java/lang/ArithmeticException done


Dynamic libraries:
0x00007ff79a5c0000 - 0x00007ff79a5f7000 	C:\Java\jdk1.8.0_131\bin\java.exe
0x00007ffcf60a0000 - 0x00007ffcf6280000 	C:\WINDOWS\SYSTEM32\ntdll.dll
0x00007ffcf42b0000 - 0x00007ffcf435e000 	C:\WINDOWS\System32\KERNEL32.DLL
0x00007ffcf2670000 - 0x00007ffcf28d6000 	C:\WINDOWS\System32\KERNELBASE.dll
0x00007ffcf5f20000 - 0x00007ffcf5fc1000 	C:\WINDOWS\System32\ADVAPI32.dll
0x00007ffcf5fd0000 - 0x00007ffcf606d000 	C:\WINDOWS\System32\msvcrt.dll
0x00007ffcf3e60000 - 0x00007ffcf3ebb000 	C:\WINDOWS\System32\sechost.dll
0x00007ffcf4430000 - 0x00007ffcf454f000 	C:\WINDOWS\System32\RPCRT4.dll
0x00007ffcf3610000 - 0x00007ffcf379f000 	C:\WINDOWS\System32\USER32.dll
0x00007ffcf3130000 - 0x00007ffcf3150000 	C:\WINDOWS\System32\win32u.dll
0x00007ffcf3df0000 - 0x00007ffcf3e18000 	C:\WINDOWS\System32\GDI32.dll
0x00007ffcf3280000 - 0x00007ffcf3413000 	C:\WINDOWS\System32\gdi32full.dll
0x00007ffcf2940000 - 0x00007ffcf29db000 	C:\WINDOWS\System32\msvcp_win.dll
0x00007ffcf3470000 - 0x00007ffcf3566000 	C:\WINDOWS\System32\ucrtbase.dll
0x00007ffceadd0000 - 0x00007ffceb039000 	C:\WINDOWS\WinSxS\amd64_microsoft.windows.common-controls_6595b64144ccf1df_6.0.16299.192_none_15c8cdae9364c23b\COMCTL32.dll
0x00007ffcf46c0000 - 0x00007ffcf49c8000 	C:\WINDOWS\System32\combase.dll
0x00007ffcf3150000 - 0x00007ffcf31c2000 	C:\WINDOWS\System32\bcryptPrimitives.dll
0x00007ffcf3e30000 - 0x00007ffcf3e5d000 	C:\WINDOWS\System32\IMM32.DLL
0x000000005ab10000 - 0x000000005abe2000 	C:\Java\jdk1.8.0_131\jre\bin\msvcr100.dll
0x000000005a270000 - 0x000000005ab0c000 	C:\Java\jdk1.8.0_131\jre\bin\server\jvm.dll
0x00007ffcf4210000 - 0x00007ffcf4218000 	C:\WINDOWS\System32\PSAPI.DLL
0x00007ffce0a90000 - 0x00007ffce0a99000 	C:\WINDOWS\SYSTEM32\WSOCK32.dll
0x00007ffcee8a0000 - 0x00007ffcee8c3000 	C:\WINDOWS\SYSTEM32\WINMM.dll
0x00007ffcf3f20000 - 0x00007ffcf3f8c000 	C:\WINDOWS\System32\WS2_32.dll
0x00007ffceb4d0000 - 0x00007ffceb4da000 	C:\WINDOWS\SYSTEM32\VERSION.dll
0x00007ffcee870000 - 0x00007ffcee89a000 	C:\WINDOWS\SYSTEM32\WINMMBASE.dll
0x00007ffcf3420000 - 0x00007ffcf346a000 	C:\WINDOWS\System32\cfgmgr32.dll
0x000000005b0e0000 - 0x000000005b0ef000 	C:\Java\jdk1.8.0_131\jre\bin\verify.dll
0x000000005a240000 - 0x000000005a269000 	C:\Java\jdk1.8.0_131\jre\bin\java.dll
0x000000005a210000 - 0x000000005a233000 	C:\Java\jdk1.8.0_131\jre\bin\instrument.dll
0x000000005b0c0000 - 0x000000005b0d6000 	C:\Java\jdk1.8.0_131\jre\bin\zip.dll

VM Arguments:
jvm_args: -javaagent:C:\Program Files\JetBrains\IntelliJ IDEA 2017.2.5\lib\idea_rt.jar=6761:C:\Program Files\JetBrains\IntelliJ IDEA 2017.2.5\bin -Dfile.encoding=UTF-8 
java_command: laboratory.GUI.LabGui
java_class_path (initial): C:\Java\jdk1.8.0_131\jre\lib\charsets.jar;C:\Java\jdk1.8.0_131\jre\lib\deploy.jar;C:\Java\jdk1.8.0_131\jre\lib\ext\access-bridge-64.jar;C:\Java\jdk1.8.0_131\jre\lib\ext\cldrdata.jar;C:\Java\jdk1.8.0_131\jre\lib\ext\dnsns.jar;C:\Java\jdk1.8.0_131\jre\lib\ext\jaccess.jar;C:\Java\jdk1.8.0_131\jre\lib\ext\jfxrt.jar;C:\Java\jdk1.8.0_131\jre\lib\ext\localedata.jar;C:\Java\jdk1.8.0_131\jre\lib\ext\nashorn.jar;C:\Java\jdk1.8.0_131\jre\lib\ext\sunec.jar;C:\Java\jdk1.8.0_131\jre\lib\ext\sunjce_provider.jar;C:\Java\jdk1.8.0_131\jre\lib\ext\sunmscapi.jar;C:\Java\jdk1.8.0_131\jre\lib\ext\sunpkcs11.jar;C:\Java\jdk1.8.0_131\jre\lib\ext\zipfs.jar;C:\Java\jdk1.8.0_131\jre\lib\javaws.jar;C:\Java\jdk1.8.0_131\jre\lib\jce.jar;C:\Java\jdk1.8.0_131\jre\lib\jfr.jar;C:\Java\jdk1.8.0_131\jre\lib\jfxswt.jar;C:\Java\jdk1.8.0_131\jre\lib\jsse.jar;C:\Java\jdk1.8.0_131\jre\lib\management-agent.jar;C:\Java\jdk1.8.0_131\jre\lib\plugin.jar;C:\Java\jdk1.8.0_131\jre\lib\resources.jar;C:\Java\jdk1.8.0_131\jre\lib\rt.jar;C:\Users\kamil\IdeaProjects\SpringKurs\laboratorium\target\classes;C:\Users\kamil\.m2\repository\org\springframework\boot\spring-boot-starter-data-jpa\1.5.10.RELEASE\spring-boot-starter-data-jpa-1.5.10.RELEASE.jar;C:\Users\kamil\.m2\repository\org\springframework\boot\spring-boot-starter\1.5.10.RELEASE\spring-boot-starter-1.5.10.RELEASE.jar;C:\Users\kamil\.m2\repository\org\springframework\boot\spring-boot\1.5.10.RELEASE\spring-boot-1.5.10.RELEASE.jar;C:\Users\kamil\.m2\repository\org\springframework\boot\spring-boot-autoconfigure\1.5.10.RELEASE\spring-boot-autoconfigure-1.5.10.RELEASE.jar;C:\Users\kamil\.m2\repository\org\springframework\boot\spring-boot-starter-logging\1.5.10.RELEASE\spring-boot-starter-logging-1.5.10.RELEASE.jar;C:\Users\kamil\.m2\repository\ch\qos\logback\logback-classic\1.1.11\logback-classic-1.1.11.jar;C:\Users\kamil\.m2\repository\ch\qos\logback\logback-core\1.1.11\logback-core-1.1.11.jar;C:\Users\kamil\.m2\repository\org\slf4j\jul-t
Launcher Type: SUN_STANDARD

Environment Variables:
JAVA_HOME=C:\Java\jdk1.8.0_131
PATH=C:\Java\jdk1.8.0_131\bin;C:\Program Files (x86)\Microsoft SQL Server\Client SDK\ODBC\130\Tools\Binn\;C:\Program Files (x86)\Microsoft SQL Server\140\Tools\Binn\;C:\Program Files (x86)\Microsoft SQL Server\140\DTS\Binn\;C:\Program Files (x86)\Microsoft SQL Server\140\Tools\Binn\ManagementStudio\;C:\Program Files\SQL Anywhere 12\bin64;C:\Program Files\SQL Anywhere 12\bin32;%SystemRoot%\system32;%SystemRoot%;%SystemRoot%\System32\Wbem;%SYSTEMROOT%\System32\WindowsPowerShell\v1.0\;C:\Java\apache-maven-3.5.2\bin;C:\Java\javacc-6.0\bin;;%USERPROFILE%\AppData\Local\Microsoft\WindowsApps
USERNAME=kamil
OS=Windows_NT
PROCESSOR_IDENTIFIER=Intel64 Family 6 Model 69 Stepping 1, GenuineIntel



---------------  S Y S T E M  ---------------

OS: Windows 10.0 , 64 bit Build 16299 (10.0.16299.15)

CPU:total 4 (initial active 4) (2 cores per cpu, 2 threads per core) family 6 model 69 stepping 1, cmov, cx8, fxsr, mmx, sse, sse2, sse3, ssse3, sse4.1, sse4.2, popcnt, avx, avx2, aes, clmul, erms, lzcnt, ht, tsc, tscinvbit, bmi1, bmi2

Memory: 4k page, physical 8282476k(887648k free), swap 26638640k(5724k free)

vm_info: Java HotSpot(TM) 64-Bit Server VM (25.131-b11) for windows-amd64 JRE (1.8.0_131-b11), built on Mar 15 2017 01:23:53 by "java_re" with MS VC++ 10.0 (VS2010)

time: Sat Feb 17 00:44:01 2018
elapsed time: 0 seconds (0d 0h 0m 0s)

